c:\users\anca\documents\github\whist\debug\vc141.pdb
c:\users\anca\documents\github\whist\debug\.netframework,version=v4.6.1.assemblyattributes.obj
c:\users\anca\documents\github\whist\debug\.netframework,version=v4.6.1.assemblyattributes.asm
c:\users\anca\documents\github\whist\debug\main.obj
c:\users\vlad\desktop\whist\whist\debug\vc141.pdb
c:\users\vlad\desktop\whist\whist\debug\player.obj
c:\users\vlad\desktop\whist\whist\debug\card.obj
c:\users\anca\documents\github\whist\debug\whist.exe
c:\users\anca\documents\github\whist\debug\whist.pdb
c:\users\anca\documents\github\whist\debug\whist.myform.resources
c:\users\vlad\desktop\whist\whist\debug\whist.vcxproj.generateresource.cache
c:\users\vlad\desktop\whist\whist\debug\whist.vcxprojresolveassemblyreference.cache
c:\users\vlad\desktop\whist\whist\debug\.netframework,version=v4.6.1.assemblyattributes.obj
c:\users\vlad\desktop\whist\whist\debug\main.obj
c:\users\vlad\desktop\whist\whist\debug\myform.obj
c:\users\vlad\desktop\whist\whist\debug\whist.myform.resources
c:\users\vlad\desktop\whist\whist\debug\whist.pdb
c:\users\vlad\desktop\whist\whist\debug\whist.exe.metagen
c:\users\vlad\desktop\whist\debug\whist.pdb
c:\users\vlad\desktop\whist\debug\whist.exe
c:\users\vlad\desktop\whist\whist\debug\whist.tlog\cl.command.1.tlog
c:\users\vlad\desktop\whist\whist\debug\whist.tlog\cl.read.1.tlog
c:\users\vlad\desktop\whist\whist\debug\whist.tlog\cl.write.1.tlog
c:\users\vlad\desktop\whist\whist\debug\whist.tlog\link.command.1.tlog
c:\users\vlad\desktop\whist\whist\debug\whist.tlog\link.read.1.tlog
c:\users\vlad\desktop\whist\whist\debug\whist.tlog\link.write.1.tlog
c:\users\vlad\desktop\whist\whist\debug\whist.tlog\metagen.read.1.tlog
c:\users\vlad\desktop\whist\whist\debug\whist.tlog\metagen.write.1.tlog
c:\users\vlad\desktop\whist\whist\debug\whist.tlog\whist.write.1u.tlog
c:\users\vlad\desktop\whist\whist\debug\whist.tlog\rsaenh.dll.bi
c:\users\vlad\desktop\whist\whist\debug\whist.tlog\tzres.dll.bi
